<?xml version="1.0" encoding="UTF-8"?>
<!-- Generated by org.testng.reporters.JUnitXMLReporter -->
<testsuite hostname="wangkangdeMacBook-Air.local" name="Test" tests="1" failures="0" timestamp="1 Sep 2016 08:24:21 GMT" time="0.03" errors="0">
  <testcase name="@BeforeSuite login" time="0.0" classname="com.dorm.test.AppTest">
    <failure type="org.json.JSONException" message="JSONObject[&amp;quot;uname&amp;quot;] not found.">
      <![CDATA[org.json.JSONException: JSONObject["uname"] not found.
	at org.json.JSONObject.get(JSONObject.java:471)
	at com.dorm.test.AppTest.login(AppTest.java:61)
... Removed 18 stack frames]]>
    </failure>
  </testcase> <!-- @BeforeSuite login -->
  <testcase name="protocolURL" time="0.008" classname="com.dorm.test.AppTest">
    <skipped/>
  </testcase> <!-- protocolURL -->
</testsuite> <!-- Test -->
