<?xml version="1.0" encoding="UTF-8"?>
<!-- Generated by org.testng.reporters.JUnitXMLReporter -->
<testsuite hostname="wangkangdeMacBook-Air.local" name="Test" tests="2" failures="1" timestamp="14 Sep 2016 04:54:08 GMT" time="2.749" errors="0">
  <testcase name="verifyCodeError" time="2.604" classname="test.Login">
    <failure type="java.lang.Throwable">
      <![CDATA[java.lang.Throwable
	at json数据结构校验不通过.(:0)
]]>
    </failure>
  </testcase> <!-- verifyCodeError -->
  <testcase name="accountLoginError" time="0.107" classname="test.Login"/>
</testsuite> <!-- Test -->
