<?xml version="1.0" encoding="UTF-8"?>
<!-- Generated by org.testng.reporters.JUnitXMLReporter -->
<testsuite hostname="wangkangdeMacBook-Air.local" name="Default test" tests="5" failures="1" timestamp="13 Sep 2016 12:29:34 GMT" time="8.627" errors="0">
  <testcase name="getCode" time="3.249" classname="test.Login"/>
  <testcase name="verifyCodeError" time="0.162" classname="test.Login">
    <failure type="java.lang.Throwable">
      <![CDATA[java.lang.Throwable
]]>
    </failure>
  </testcase> <!-- verifyCodeError -->
  <testcase name="accountLoginError" time="0.061" classname="test.Login"/>
  <testcase name="phoneLogin" time="4.949" classname="test.Login"/>
  <testcase name="login" time="0.073" classname="test.Login"/>
</testsuite> <!-- Default test -->
